<?xml version="1.0" encoding="UTF-8"?>
<testng-results skipped="0" failed="0" ignored="0" total="1" passed="1">
  <reporter-output>
  </reporter-output>
  <suite name="Suite" duration-ms="7960" started-at="2023-01-11T13:32:09Z" finished-at="2023-01-11T13:32:17Z">
    <groups>
    </groups>
    <test name="Test" duration-ms="7960" started-at="2023-01-11T13:32:09Z" finished-at="2023-01-11T13:32:17Z">
      <class name="jenkins.JenkinsFirstclass">
        <test-method status="PASS" signature="setup()[pri:0, instance:jenkins.JenkinsFirstclass@6e38921c]" name="setup" is-config="true" duration-ms="7227" started-at="2023-01-11T13:32:09Z" finished-at="2023-01-11T13:32:16Z">
          <reporter-output>
          </reporter-output>
        </test-method> <!-- setup -->
        <test-method status="PASS" signature="login()[pri:0, instance:jenkins.JenkinsFirstclass@6e38921c]" name="login" duration-ms="696" started-at="2023-01-11T13:32:16Z" finished-at="2023-01-11T13:32:17Z">
          <reporter-output>
          </reporter-output>
        </test-method> <!-- login -->
      </class> <!-- jenkins.JenkinsFirstclass -->
    </test> <!-- Test -->
  </suite> <!-- Suite -->
</testng-results>
