<?xml version="1.0" encoding="UTF-8"?>
<testng-results ignored="0" total="1" passed="1" failed="0" skipped="0">
  <reporter-output>
  </reporter-output>
  <suite started-at="2023-01-11T16:25:25 IST" name="Suite" finished-at="2023-01-11T16:25:34 IST" duration-ms="8133">
    <groups>
    </groups>
    <test started-at="2023-01-11T16:25:25 IST" name="Test" finished-at="2023-01-11T16:25:34 IST" duration-ms="8133">
      <class name="jenkins.JenkinsFirstclass">
        <test-method is-config="true" signature="setup()[pri:0, instance:jenkins.JenkinsFirstclass@581ac8a8]" started-at="2023-01-11T16:25:26 IST" name="setup" finished-at="2023-01-11T16:25:33 IST" duration-ms="7738" status="PASS">
          <reporter-output>
          </reporter-output>
        </test-method> <!-- setup -->
        <test-method signature="login()[pri:0, instance:jenkins.JenkinsFirstclass@581ac8a8]" started-at="2023-01-11T16:25:33 IST" name="login" finished-at="2023-01-11T16:25:34 IST" duration-ms="338" status="PASS">
          <reporter-output>
          </reporter-output>
        </test-method> <!-- login -->
      </class> <!-- jenkins.JenkinsFirstclass -->
    </test> <!-- Test -->
  </suite> <!-- Suite -->
</testng-results>
